                  :-) GROMACS - gmx mdrun, 2020.4-MODIFIED (-:

                            GROMACS is written by:
     Emile Apol      Rossen Apostolov      Paul Bauer     Herman J.C. Berendsen
    Par Bjelkmar      Christian Blau   Viacheslav Bolnykh     Kevin Boyd    
 Aldert van Buuren   Rudi van Drunen     Anton Feenstra       Alan Gray     
  Gerrit Groenhof     Anca Hamuraru    Vincent Hindriksen  M. Eric Irrgang  
  Aleksei Iupinov   Christoph Junghans     Joe Jordan     Dimitrios Karkoulis
    Peter Kasson        Jiri Kraus      Carsten Kutzner      Per Larsson    
  Justin A. Lemkul    Viveca Lindahl    Magnus Lundborg     Erik Marklund   
    Pascal Merz     Pieter Meulenhoff    Teemu Murtola       Szilard Pall   
    Sander Pronk      Roland Schulz      Michael Shirts    Alexey Shvetsov  
   Alfons Sijbers     Peter Tieleman      Jon Vincent      Teemu Virolainen 
 Christian Wennberg    Maarten Wolf      Artem Zhmurov   
                           and the project leaders:
        Mark Abraham, Berk Hess, Erik Lindahl, and David van der Spoel

Copyright (c) 1991-2000, University of Groningen, The Netherlands.
Copyright (c) 2001-2019, The GROMACS development team at
Uppsala University, Stockholm University and
the Royal Institute of Technology, Sweden.
check out http://www.gromacs.org for more information.

GROMACS is free software; you can redistribute it and/or modify it
under the terms of the GNU Lesser General Public License
as published by the Free Software Foundation; either version 2.1
of the License, or (at your option) any later version.

GROMACS:      gmx mdrun, version 2020.4-MODIFIED
Executable:   /usr/local/bin/gmx
Data prefix:  /usr/local
Working dir:  /mnt/c/users/kevin/documents/project/magic_tutorials_examples/nacl_2/sim2
Process ID:   2460
Command line:
  gmx mdrun -deffnm md_0_1

GROMACS version:    2020.4-MODIFIED
This program has been built from source code that has been altered and does not match the code released as part of the official GROMACS version 2020.4-MODIFIED. If you did not intend to use an altered GROMACS version, make sure to download an intact source distribution and compile that before proceeding.
If you have modified the source code, you are strongly encouraged to set your custom version suffix (using -DGMX_VERSION_STRING_OF_FORK) which will can help later with scientific reproducibility but also when reporting bugs.
Release checksum: 79c2857291b034542c26e90512b92fd4b184a1c9d6fa59c55f2e24ccf14e7281
Computed checksum: 3b556199b4d94c25b21238aeeb6735ee9b3bcbdd25747066d25adb4d1a06e3f4
Precision:          single
Memory model:       64 bit
MPI library:        thread_mpi
OpenMP support:     enabled (GMX_OPENMP_MAX_THREADS = 64)
GPU support:        disabled
SIMD instructions:  AVX2_256
FFT library:        fftw-3.3.8-sse2-avx
RDTSCP usage:       enabled
TNG support:        enabled
Hwloc support:      hwloc-2.1.0
Tracing support:    disabled
C compiler:         /usr/bin/cc GNU 9.3.0
C compiler flags:   -mavx2 -mfma -fexcess-precision=fast -funroll-all-loops -O3 -DNDEBUG
C++ compiler:       /usr/bin/c++ GNU 9.3.0
C++ compiler flags: -mavx2 -mfma -fexcess-precision=fast -funroll-all-loops -fopenmp -O3 -DNDEBUG


Running on 1 node with total 4 cores, 8 logical cores
Hardware detected:
  CPU info:
    Vendor: Intel
    Brand:  Intel(R) Core(TM) i5-8250U CPU @ 1.60GHz
    Family: 6   Model: 142   Stepping: 10
    Features: aes apic avx avx2 clfsh cmov cx8 cx16 f16c fma htt intel lahf mmx msr pcid pclmuldq pdpe1gb popcnt pse rdrnd rdtscp sse2 sse3 sse4.1 sse4.2 ssse3
  Hardware topology: Full
    Sockets, cores, and logical processors:
      Socket  0: [   0   1] [   2   3] [   4   5] [   6   7]
    Numa nodes:
      Node  0 (6552928256 bytes mem):   0   1   2   3   4   5   6   7
      Latency:
               0
         0  1.00
    Caches:
      L1: 32768 bytes, linesize 64 bytes, assoc. 8, shared 2 ways
      L2: 262144 bytes, linesize 64 bytes, assoc. 4, shared 2 ways
      L3: 6291456 bytes, linesize 64 bytes, assoc. 12, shared 8 ways


++++ PLEASE READ AND CITE THE FOLLOWING REFERENCE ++++
M. J. Abraham, T. Murtola, R. Schulz, S. Páll, J. C. Smith, B. Hess, E.
Lindahl
GROMACS: High performance molecular simulations through multi-level
parallelism from laptops to supercomputers
SoftwareX 1 (2015) pp. 19-25
-------- -------- --- Thank You --- -------- --------


++++ PLEASE READ AND CITE THE FOLLOWING REFERENCE ++++
S. Páll, M. J. Abraham, C. Kutzner, B. Hess, E. Lindahl
Tackling Exascale Software Challenges in Molecular Dynamics Simulations with
GROMACS
In S. Markidis & E. Laure (Eds.), Solving Software Challenges for Exascale 8759 (2015) pp. 3-27
-------- -------- --- Thank You --- -------- --------


++++ PLEASE READ AND CITE THE FOLLOWING REFERENCE ++++
S. Pronk, S. Páll, R. Schulz, P. Larsson, P. Bjelkmar, R. Apostolov, M. R.
Shirts, J. C. Smith, P. M. Kasson, D. van der Spoel, B. Hess, and E. Lindahl
GROMACS 4.5: a high-throughput and highly parallel open source molecular
simulation toolkit
Bioinformatics 29 (2013) pp. 845-54
-------- -------- --- Thank You --- -------- --------


++++ PLEASE READ AND CITE THE FOLLOWING REFERENCE ++++
B. Hess and C. Kutzner and D. van der Spoel and E. Lindahl
GROMACS 4: Algorithms for highly efficient, load-balanced, and scalable
molecular simulation
J. Chem. Theory Comput. 4 (2008) pp. 435-447
-------- -------- --- Thank You --- -------- --------


++++ PLEASE READ AND CITE THE FOLLOWING REFERENCE ++++
D. van der Spoel, E. Lindahl, B. Hess, G. Groenhof, A. E. Mark and H. J. C.
Berendsen
GROMACS: Fast, Flexible and Free
J. Comp. Chem. 26 (2005) pp. 1701-1719
-------- -------- --- Thank You --- -------- --------


++++ PLEASE READ AND CITE THE FOLLOWING REFERENCE ++++
E. Lindahl and B. Hess and D. van der Spoel
GROMACS 3.0: A package for molecular simulation and trajectory analysis
J. Mol. Mod. 7 (2001) pp. 306-317
-------- -------- --- Thank You --- -------- --------


++++ PLEASE READ AND CITE THE FOLLOWING REFERENCE ++++
H. J. C. Berendsen, D. van der Spoel and R. van Drunen
GROMACS: A message-passing parallel molecular dynamics implementation
Comp. Phys. Comm. 91 (1995) pp. 43-56
-------- -------- --- Thank You --- -------- --------


++++ PLEASE CITE THE DOI FOR THIS VERSION OF GROMACS ++++
https://doi.org/10.5281/zenodo.4054979
-------- -------- --- Thank You --- -------- --------

Input Parameters:
   integrator                     = md
   tinit                          = 0
   dt                             = 0.005
   nsteps                         = 1000000
   init-step                      = 0
   simulation-part                = 1
   comm-mode                      = Linear
   nstcomm                        = 100
   bd-fric                        = 0
   ld-seed                        = -1699254082
   emtol                          = 10
   emstep                         = 0.01
   niter                          = 20
   fcstep                         = 0
   nstcgsteep                     = 1000
   nbfgscorr                      = 10
   rtpi                           = 0.05
   nstxout                        = 1
   nstvout                        = 0
   nstfout                        = 0
   nstlog                         = 50000
   nstcalcenergy                  = 100
   nstenergy                      = 50000
   nstxout-compressed             = 5000
   compressed-x-precision         = 1000
   cutoff-scheme                  = Verlet
   nstlist                        = 2
   pbc                            = xyz
   periodic-molecules             = false
   verlet-buffer-tolerance        = 0.005
   rlist                          = 1
   coulombtype                    = PME
   coulomb-modifier               = Potential-shift
   rcoulomb-switch                = 0
   rcoulomb                       = 1
   epsilon-r                      = 1
   epsilon-rf                     = inf
   vdw-type                       = Cut-off
   vdw-modifier                   = Potential-shift
   rvdw-switch                    = 0
   rvdw                           = 1
   DispCorr                       = EnerPres
   table-extension                = 1
   fourierspacing                 = 0.16
   fourier-nx                     = 20
   fourier-ny                     = 20
   fourier-nz                     = 20
   pme-order                      = 4
   ewald-rtol                     = 1e-05
   ewald-rtol-lj                  = 0.001
   lj-pme-comb-rule               = Geometric
   ewald-geometry                 = 0
   epsilon-surface                = 0
   tcoupl                         = V-rescale
   nsttcouple                     = 2
   nh-chain-length                = 0
   print-nose-hoover-chain-variables = false
   pcoupl                         = Parrinello-Rahman
   pcoupltype                     = Isotropic
   nstpcouple                     = 2
   tau-p                          = 5
   compressibility (3x3):
      compressibility[    0]={ 4.50000e-05,  0.00000e+00,  0.00000e+00}
      compressibility[    1]={ 0.00000e+00,  4.50000e-05,  0.00000e+00}
      compressibility[    2]={ 0.00000e+00,  0.00000e+00,  4.50000e-05}
   ref-p (3x3):
      ref-p[    0]={ 1.00000e+00,  0.00000e+00,  0.00000e+00}
      ref-p[    1]={ 0.00000e+00,  1.00000e+00,  0.00000e+00}
      ref-p[    2]={ 0.00000e+00,  0.00000e+00,  1.00000e+00}
   refcoord-scaling               = No
   posres-com (3):
      posres-com[0]= 0.00000e+00
      posres-com[1]= 0.00000e+00
      posres-com[2]= 0.00000e+00
   posres-comB (3):
      posres-comB[0]= 0.00000e+00
      posres-comB[1]= 0.00000e+00
      posres-comB[2]= 0.00000e+00
   QMMM                           = false
   QMconstraints                  = 0
   QMMMscheme                     = 0
   MMChargeScaleFactor            = 1
qm-opts:
   ngQM                           = 0
   constraint-algorithm           = Lincs
   continuation                   = true
   Shake-SOR                      = false
   shake-tol                      = 0.0001
   lincs-order                    = 4
   lincs-iter                     = 1
   lincs-warnangle                = 30
   nwall                          = 0
   wall-type                      = 9-3
   wall-r-linpot                  = -1
   wall-atomtype[0]               = -1
   wall-atomtype[1]               = -1
   wall-density[0]                = 0
   wall-density[1]                = 0
   wall-ewald-zfac                = 3
   pull                           = false
   awh                            = false
   rotation                       = false
   interactiveMD                  = false
   disre                          = No
   disre-weighting                = Conservative
   disre-mixed                    = false
   dr-fc                          = 1000
   dr-tau                         = 0
   nstdisreout                    = 100
   orire-fc                       = 0
   orire-tau                      = 0
   nstorireout                    = 100
   free-energy                    = no
   cos-acceleration               = 0
   deform (3x3):
      deform[    0]={ 0.00000e+00,  0.00000e+00,  0.00000e+00}
      deform[    1]={ 0.00000e+00,  0.00000e+00,  0.00000e+00}
      deform[    2]={ 0.00000e+00,  0.00000e+00,  0.00000e+00}
   simulated-tempering            = false
   swapcoords                     = no
   userint1                       = 0
   userint2                       = 0
   userint3                       = 0
   userint4                       = 0
   userreal1                      = 0
   userreal2                      = 0
   userreal3                      = 0
   userreal4                      = 0
   applied-forces:
     electric-field:
       x:
         E0                       = 0
         omega                    = 0
         t0                       = 0
         sigma                    = 0
       y:
         E0                       = 0
         omega                    = 0
         t0                       = 0
         sigma                    = 0
       z:
         E0                       = 0
         omega                    = 0
         t0                       = 0
         sigma                    = 0
     density-guided-simulation:
       active                     = false
       group                      = protein
       similarity-measure         = inner-product
       atom-spreading-weight      = unity
       force-constant             = 1e+09
       gaussian-transform-spreading-width = 0.2
       gaussian-transform-spreading-range-in-multiples-of-width = 4
       reference-density-filename = reference.mrc
       nst                        = 1
       normalize-densities        = true
       adaptive-force-scaling     = false
       adaptive-force-scaling-time-constant = 4
grpopts:
   nrdf:     119.931     5061.07
   ref-t:         300         300
   tau-t:         0.1         0.1
annealing:          No          No
annealing-npoints:           0           0
   acc:	           0           0           0
   nfreeze:           N           N           N
   energygrp-flags[  0]: 0

Changing nstlist from 2 to 40, rlist from 1 to 1.166

Using 1 MPI thread

Non-default thread affinity set, disabling internal thread affinity

Using 8 OpenMP threads 

System total charge: 0.000
Will do PME sum in reciprocal space for electrostatic interactions.

++++ PLEASE READ AND CITE THE FOLLOWING REFERENCE ++++
U. Essmann, L. Perera, M. L. Berkowitz, T. Darden, H. Lee and L. G. Pedersen 
A smooth particle mesh Ewald method
J. Chem. Phys. 103 (1995) pp. 8577-8592
-------- -------- --- Thank You --- -------- --------

Using a Gaussian width (1/beta) of 0.320163 nm for Ewald
Potential shift: LJ r^-12: -1.000e+00 r^-6: -1.000e+00, Ewald -1.000e-05
Initialized non-bonded Ewald tables, spacing: 9.33e-04 size: 1073


Using SIMD 4x8 nonbonded short-range kernels

Using a dual 4x8 pair-list setup updated with dynamic pruning:
  outer list: updated every 40 steps, buffer 0.166 nm, rlist 1.166 nm
  inner list: updated every  6 steps, buffer 0.005 nm, rlist 1.005 nm
At tolerance 0.005 kJ/mol/ps per atom, equivalent classical 1x1 list would be:
  outer list: updated every 40 steps, buffer 0.317 nm, rlist 1.317 nm
  inner list: updated every  6 steps, buffer 0.056 nm, rlist 1.056 nm

Using geometric Lennard-Jones combination rule

Long Range LJ corr.: <C6> 3.1647e-04


++++ PLEASE READ AND CITE THE FOLLOWING REFERENCE ++++
S. Miyamoto and P. A. Kollman
SETTLE: An Analytical Version of the SHAKE and RATTLE Algorithms for Rigid
Water Models
J. Comp. Chem. 13 (1992) pp. 952-962
-------- -------- --- Thank You --- -------- --------


++++ PLEASE READ AND CITE THE FOLLOWING REFERENCE ++++
G. Bussi, D. Donadio and M. Parrinello
Canonical sampling through velocity rescaling
J. Chem. Phys. 126 (2007) pp. 014101
-------- -------- --- Thank You --- -------- --------

There are: 2572 Atoms
Center of mass motion removal mode is Linear
We have the following groups for center of mass motion removal:
  0:  rest

Started mdrun on rank 0 Wed Mar 17 21:35:25 2021

           Step           Time
              0        0.00000

   Energies (kJ/mol)
        LJ (SR)  Disper. corr.   Coulomb (SR)   Coul. recip.      Potential
    8.27560e+03   -3.33959e+02   -6.28221e+04    3.54849e+02   -5.45256e+04
    Kinetic En.   Total Energy  Conserved En.    Temperature Pres. DC (bar)
    6.68387e+03   -4.78417e+04   -4.78402e+04    3.10320e+02   -2.11702e+02
 Pressure (bar)
   -7.22294e+02

           Step           Time
          50000      250.00000

   Energies (kJ/mol)
        LJ (SR)  Disper. corr.   Coulomb (SR)   Coul. recip.      Potential
    8.57210e+03   -3.41164e+02   -6.33954e+04    2.81624e+02   -5.48828e+04
    Kinetic En.   Total Energy  Conserved En.    Temperature Pres. DC (bar)
    6.45111e+03   -4.84317e+04   -4.76315e+04    2.99513e+02   -2.20923e+02
 Pressure (bar)
   -3.34756e+02

           Step           Time
         100000      500.00000

   Energies (kJ/mol)
        LJ (SR)  Disper. corr.   Coulomb (SR)   Coul. recip.      Potential
    8.83616e+03   -3.40665e+02   -6.39795e+04    3.01093e+02   -5.51829e+04
    Kinetic En.   Total Energy  Conserved En.    Temperature Pres. DC (bar)
    6.45778e+03   -4.87251e+04   -4.74015e+04    2.99823e+02   -2.20278e+02
 Pressure (bar)
    1.80881e+01

           Step           Time
         150000      750.00000

   Energies (kJ/mol)
        LJ (SR)  Disper. corr.   Coulomb (SR)   Coul. recip.      Potential
    8.76438e+03   -3.32224e+02   -6.30104e+04    2.89608e+02   -5.42886e+04
    Kinetic En.   Total Energy  Conserved En.    Temperature Pres. DC (bar)
    6.73508e+03   -4.75535e+04   -4.71346e+04    3.12698e+02   -2.09511e+02
 Pressure (bar)
    3.09830e+02

           Step           Time
         200000     1000.00000

   Energies (kJ/mol)
        LJ (SR)  Disper. corr.   Coulomb (SR)   Coul. recip.      Potential
    8.70931e+03   -3.37621e+02   -6.35316e+04    2.86629e+02   -5.48733e+04
    Kinetic En.   Total Energy  Conserved En.    Temperature Pres. DC (bar)
    6.47777e+03   -4.83955e+04   -4.69221e+04    3.00752e+02   -2.16364e+02
 Pressure (bar)
   -1.77161e+02

           Step           Time
         250000     1250.00000

   Energies (kJ/mol)
        LJ (SR)  Disper. corr.   Coulomb (SR)   Coul. recip.      Potential
    8.73729e+03   -3.33785e+02   -6.34657e+04    3.17388e+02   -5.47448e+04
    Kinetic En.   Total Energy  Conserved En.    Temperature Pres. DC (bar)
    6.52160e+03   -4.82232e+04   -4.67280e+04    3.02786e+02   -2.11481e+02
 Pressure (bar)
   -3.21474e+02

           Step           Time
         300000     1500.00000

   Energies (kJ/mol)
        LJ (SR)  Disper. corr.   Coulomb (SR)   Coul. recip.      Potential
    8.67828e+03   -3.36820e+02   -6.35522e+04    2.80445e+02   -5.49303e+04
    Kinetic En.   Total Energy  Conserved En.    Temperature Pres. DC (bar)
    6.34440e+03   -4.85859e+04   -4.64870e+04    2.94559e+02   -2.15340e+02
 Pressure (bar)
   -3.67792e+02

Writing checkpoint, step 310320 at Wed Mar 17 21:50:25 2021


           Step           Time
         350000     1750.00000

   Energies (kJ/mol)
        LJ (SR)  Disper. corr.   Coulomb (SR)   Coul. recip.      Potential
    8.59613e+03   -3.30462e+02   -6.30898e+04    3.21022e+02   -5.45031e+04
    Kinetic En.   Total Energy  Conserved En.    Temperature Pres. DC (bar)
    6.52880e+03   -4.79743e+04   -4.62418e+04    3.03121e+02   -2.07297e+02
 Pressure (bar)
   -6.24112e+02

           Step           Time
         400000     2000.00000

   Energies (kJ/mol)
        LJ (SR)  Disper. corr.   Coulomb (SR)   Coul. recip.      Potential
    8.79477e+03   -3.37149e+02   -6.32928e+04    3.09014e+02   -5.45262e+04
    Kinetic En.   Total Energy  Conserved En.    Temperature Pres. DC (bar)
    6.60678e+03   -4.79194e+04   -4.59407e+04    3.06741e+02   -2.15761e+02
 Pressure (bar)
    2.31035e+02

           Step           Time
         450000     2250.00000

   Energies (kJ/mol)
        LJ (SR)  Disper. corr.   Coulomb (SR)   Coul. recip.      Potential
    9.09884e+03   -3.31733e+02   -6.40687e+04    3.12166e+02   -5.49894e+04
    Kinetic En.   Total Energy  Conserved En.    Temperature Pres. DC (bar)
    6.67471e+03   -4.83147e+04   -4.56703e+04    3.09895e+02   -2.08893e+02
 Pressure (bar)
    2.74593e+02

           Step           Time
         500000     2500.00000

   Energies (kJ/mol)
        LJ (SR)  Disper. corr.   Coulomb (SR)   Coul. recip.      Potential
    9.04354e+03   -3.37926e+02   -6.37549e+04    2.79186e+02   -5.47701e+04
    Kinetic En.   Total Energy  Conserved En.    Temperature Pres. DC (bar)
    6.32803e+03   -4.84420e+04   -4.54724e+04    2.93799e+02   -2.16755e+02
 Pressure (bar)
    4.61381e+02

           Step           Time
         550000     2750.00000

   Energies (kJ/mol)
        LJ (SR)  Disper. corr.   Coulomb (SR)   Coul. recip.      Potential
    8.85720e+03   -3.37236e+02   -6.33881e+04    2.74386e+02   -5.45937e+04
    Kinetic En.   Total Energy  Conserved En.    Temperature Pres. DC (bar)
    6.48313e+03   -4.81106e+04   -4.52137e+04    3.01000e+02   -2.15872e+02
 Pressure (bar)
    3.66728e+02

           Step           Time
         600000     3000.00000

   Energies (kJ/mol)
        LJ (SR)  Disper. corr.   Coulomb (SR)   Coul. recip.      Potential
    8.85437e+03   -3.35015e+02   -6.34999e+04    3.21732e+02   -5.46588e+04
    Kinetic En.   Total Energy  Conserved En.    Temperature Pres. DC (bar)
    6.69487e+03   -4.79639e+04   -4.49836e+04    3.10831e+02   -2.13040e+02
 Pressure (bar)
    1.66464e+02

Writing checkpoint, step 620000 at Wed Mar 17 22:05:25 2021


           Step           Time
         650000     3250.00000

   Energies (kJ/mol)
        LJ (SR)  Disper. corr.   Coulomb (SR)   Coul. recip.      Potential
    8.93946e+03   -3.35746e+02   -6.31732e+04    3.30136e+02   -5.42393e+04
    Kinetic En.   Total Energy  Conserved En.    Temperature Pres. DC (bar)
    6.43652e+03   -4.78028e+04   -4.46940e+04    2.98836e+02   -2.13971e+02
 Pressure (bar)
    5.87520e+02

           Step           Time
         700000     3500.00000

   Energies (kJ/mol)
        LJ (SR)  Disper. corr.   Coulomb (SR)   Coul. recip.      Potential
    8.93727e+03   -3.38802e+02   -6.36760e+04    3.09192e+02   -5.47684e+04
    Kinetic En.   Total Energy  Conserved En.    Temperature Pres. DC (bar)
    6.53552e+03   -4.82328e+04   -4.44476e+04    3.03433e+02   -2.17878e+02
 Pressure (bar)
    4.32596e+02

           Step           Time
         750000     3750.00000

   Energies (kJ/mol)
        LJ (SR)  Disper. corr.   Coulomb (SR)   Coul. recip.      Potential
    8.84285e+03   -3.38565e+02   -6.35049e+04    3.10980e+02   -5.46897e+04
    Kinetic En.   Total Energy  Conserved En.    Temperature Pres. DC (bar)
    6.61452e+03   -4.80751e+04   -4.41961e+04    3.07100e+02   -2.17574e+02
 Pressure (bar)
    1.73133e+02

           Step           Time
         800000     4000.00000

   Energies (kJ/mol)
        LJ (SR)  Disper. corr.   Coulomb (SR)   Coul. recip.      Potential
    8.87615e+03   -3.35243e+02   -6.36021e+04    3.08395e+02   -5.47528e+04
    Kinetic En.   Total Energy  Conserved En.    Temperature Pres. DC (bar)
    6.34202e+03   -4.84108e+04   -4.39318e+04    2.94449e+02   -2.13330e+02
 Pressure (bar)
    1.79397e+02

           Step           Time
         850000     4250.00000

   Energies (kJ/mol)
        LJ (SR)  Disper. corr.   Coulomb (SR)   Coul. recip.      Potential
    8.64381e+03   -3.35966e+02   -6.33838e+04    3.03934e+02   -5.47720e+04
    Kinetic En.   Total Energy  Conserved En.    Temperature Pres. DC (bar)
    6.46663e+03   -4.83054e+04   -4.36353e+04    3.00234e+02   -2.14251e+02
 Pressure (bar)
   -3.07974e+02

           Step           Time
         900000     4500.00000

   Energies (kJ/mol)
        LJ (SR)  Disper. corr.   Coulomb (SR)   Coul. recip.      Potential
    8.75731e+03   -3.35877e+02   -6.39612e+04    2.99784e+02   -5.52400e+04
    Kinetic En.   Total Energy  Conserved En.    Temperature Pres. DC (bar)
    6.32244e+03   -4.89176e+04   -4.34426e+04    2.93540e+02   -2.14137e+02
 Pressure (bar)
   -5.44405e+02

Writing checkpoint, step 928520 at Wed Mar 17 22:20:25 2021


           Step           Time
         950000     4750.00000

   Energies (kJ/mol)
        LJ (SR)  Disper. corr.   Coulomb (SR)   Coul. recip.      Potential
    8.79362e+03   -3.36824e+02   -6.35820e+04    2.94268e+02   -5.48309e+04
    Kinetic En.   Total Energy  Conserved En.    Temperature Pres. DC (bar)
    6.23694e+03   -4.85940e+04   -4.31657e+04    2.89570e+02   -2.15345e+02
 Pressure (bar)
   -9.89529e+01

           Step           Time
        1000000     5000.00000

Writing checkpoint, step 1000000 at Wed Mar 17 22:23:55 2021


   Energies (kJ/mol)
        LJ (SR)  Disper. corr.   Coulomb (SR)   Coul. recip.      Potential
    9.09980e+03   -3.38715e+02   -6.40020e+04    3.01812e+02   -5.49391e+04
    Kinetic En.   Total Energy  Conserved En.    Temperature Pres. DC (bar)
    6.65359e+03   -4.82855e+04   -4.30048e+04    3.08915e+02   -2.17767e+02
 Pressure (bar)
    5.61258e+02


	<======  ###############  ==>
	<====  A V E R A G E S  ====>
	<==  ###############  ======>

	Statistics over 1000001 steps using 10001 frames

   Energies (kJ/mol)
        LJ (SR)  Disper. corr.   Coulomb (SR)   Coul. recip.      Potential
    8.80098e+03   -3.36501e+02   -6.35149e+04    3.05527e+02   -5.47449e+04
    Kinetic En.   Total Energy  Conserved En.    Temperature Pres. DC (bar)
    6.45977e+03   -4.82851e+04   -4.54368e+04    2.99916e+02   -2.14946e+02
 Pressure (bar)
   -1.23290e+00

          Box-X          Box-Y          Box-Z
    2.96364e+00    2.96364e+00    2.96364e+00

   Total Virial (kJ/mol)
    2.15576e+03   -3.34151e+00   -8.46634e+00
   -3.34125e+00    2.14912e+03   -8.59786e-01
   -8.46721e+00   -8.59279e-01    2.16118e+03

   Pressure (bar)
   -1.64907e+00    5.97795e+00    1.06215e+01
    5.97762e+00    5.78592e+00    2.25869e+00
    1.06227e+01    2.25804e+00   -7.83555e+00

          T-Ion        T-Water
    2.96302e+02    3.00002e+02


	M E G A - F L O P S   A C C O U N T I N G

 NB=Group-cutoff nonbonded kernels    NxN=N-by-N cluster Verlet kernels
 RF=Reaction-Field  VdW=Van der Waals  QSTab=quadratic-spline table
 W3=SPC/TIP3p  W4=TIP4p (single or pairs)
 V&F=Potential and force  V=Potential only  F=Force only

 Computing:                               M-Number         M-Flops  % Flops
-----------------------------------------------------------------------------
 Pair Search distance check           28952.986102      260576.875     0.2
 NxN Ewald Elec. + LJ [F]            877534.317904    57917264.982    50.7
 NxN Ewald Elec. + LJ [V&F]            8865.434640      948601.506     0.8
 NxN Ewald Elec. [F]                 831270.614544    50707507.487    44.4
 NxN Ewald Elec. [V&F]                 8398.391088      705464.851     0.6
 Calc Weights                          7716.007716      277776.278     0.2
 Spread Q Bspline                    164608.164608      329216.329     0.3
 Gather F Bspline                    164608.164608      987648.988     0.9
 3D-FFT                              207452.207452     1659617.660     1.5
 Solve PME                              400.000400       25600.026     0.0
 Shift-X                                 64.302572         385.815     0.0
 Virial                                1308.502617       23553.047     0.0
 Stop-CM                                 25.722572         257.226     0.0
 Calc-Ekin                             2572.005144       69444.139     0.1
 Constraint-V                          2532.002532       20256.020     0.0
 Constraint-Vir                        1266.002532       30384.061     0.0
 Settle                                 844.000844      272612.273     0.2
-----------------------------------------------------------------------------
 Total                                               114236167.562   100.0
-----------------------------------------------------------------------------


     R E A L   C Y C L E   A N D   T I M E   A C C O U N T I N G

On 1 MPI rank, each using 8 OpenMP threads

 Computing:          Num   Num      Call    Wall time         Giga-Cycles
                     Ranks Threads  Count      (s)         total sum    %
-----------------------------------------------------------------------------
 Neighbor search        1    8      25001      27.119        390.518   0.9
 Force                  1    8    1000001     491.422       7076.483  16.9
 PME mesh               1    8    1000001     144.742       2084.282   5.0
 NB X/F buffer ops.     1    8    1975001      24.379        351.055   0.8
 Write traj.            1    8    1000001    2137.163      30775.163  73.4
 Update                 1    8    1000001      34.379        495.054   1.2
 Constraints            1    8    1000001      21.962        316.260   0.8
 Rest                                          29.178        420.159   1.0
-----------------------------------------------------------------------------
 Total                                       2910.344      41908.974 100.0
-----------------------------------------------------------------------------
 Breakdown of PME mesh computation
-----------------------------------------------------------------------------
 PME spread             1    8    1000001      61.682        888.217   2.1
 PME gather             1    8    1000001      41.298        594.690   1.4
 PME 3D-FFT             1    8    2000002      29.896        430.506   1.0
 PME solve Elec         1    8    1000001       8.022        115.517   0.3
-----------------------------------------------------------------------------

               Core t (s)   Wall t (s)        (%)
       Time:    23282.453     2910.344      800.0
                         48:30
                 (ns/day)    (hour/ns)
Performance:      148.436        0.162
Finished mdrun on rank 0 Wed Mar 17 22:23:55 2021

